<?xml version="1.0" encoding="UTF-8"?>
<testsuite xmlns:xsi="http://www.w3.org/2001/XMLSchema-instance" xsi:noNamespaceSchemaLocation="https://maven.apache.org/surefire/maven-surefire-plugin/xsd/surefire-test-report-3.0.xsd" version="3.0" name="lixinandzhaoxw.assessment1project.assessment1Test" time="0.336" tests="3" errors="0" skipped="0" failures="0">
  <properties>
[...]
</properties>
  <testcase name="search" classname="lixinandzhaoxw.assessment1project.assessment1Test" time="0.015"/>
  <testcase name="toopen" classname="lixinandzhaoxw.assessment1project.assessment1Test" time="0.271"/>
  <testcase name="tosave" classname="lixinandzhaoxw.assessment1project.assessment1Test" time="0.003"/>
</testsuite>